<?xml version="1.0" encoding="UTF-8"?>
<!-- Generated by org.testng.reporters.JUnitXMLReporter -->
<testsuite ignored="0" hostname="Admin" failures="0" tests="5" name="Default test" time="92.568" errors="0" timestamp="2023-01-24T14:20:14 IST">
  <testcase classname="TestCases.LoginPageTest" name="VerifyLoginInfoTest" time="10.493"/>
  <testcase classname="TestCases.LoginPageTest" name="verifyBotLogoTest" time="2.066"/>
  <testcase classname="TestCases.LoginPageTest" name="verifyCurrentUrlTest" time="0.01"/>
  <testcase classname="TestCases.LoginPageTest" name="verifyLoginLogoTest" time="2.059"/>
  <testcase classname="TestCases.LoginPageTest" name="verifyTitleTest" time="2.016"/>
</testsuite> <!-- Default test -->
