<?xml version="1.0" encoding="UTF-8"?>
<!-- Generated by org.testng.reporters.JUnitXMLReporter -->
<testsuite ignored="4" hostname="Admin" failures="0" tests="1" name="Test" time="22.208" errors="0" timestamp="2023-01-24T14:25:15 IST">
  <testcase classname="TestCases.DependsOnTest" name="verifyTitleTest" time="2.03"/>
  <testcase classname="TestCases.DependsOnTest" name="VerifyLoginInfoTest" time="0.0">
    <ignored/>
  </testcase> <!-- VerifyLoginInfoTest -->
  <testcase classname="TestCases.DependsOnTest" name="verifyLoginLogoTest" time="0.0">
    <ignored/>
  </testcase> <!-- verifyLoginLogoTest -->
  <testcase classname="TestCases.DependsOnTest" name="verifyBotLogoTest" time="0.0">
    <ignored/>
  </testcase> <!-- verifyBotLogoTest -->
  <testcase classname="TestCases.DependsOnTest" name="verifyCurrentUrlTest" time="0.0">
    <ignored/>
  </testcase> <!-- verifyCurrentUrlTest -->
</testsuite> <!-- Test -->
